[debug] [2023-04-18T14:20:37.149Z] ----------------------------------------------------------------------
[debug] [2023-04-18T14:20:37.166Z] Command:       C:\Program Files\nodejs\node.exe C:\Users\Anjel69\AppData\Roaming\npm\node_modules\firebase-tools\lib\bin\firebase.js emulators:start
[debug] [2023-04-18T14:20:37.167Z] CLI Version:   11.27.0
[debug] [2023-04-18T14:20:37.167Z] Platform:      win32
[debug] [2023-04-18T14:20:37.167Z] Node Version:  v19.3.0
[debug] [2023-04-18T14:20:37.168Z] Time:          Tue Apr 18 2023 22:20:37 GMT+0800 (Philippine Standard Time)
[debug] [2023-04-18T14:20:37.168Z] ----------------------------------------------------------------------
[debug] 
[debug] [2023-04-18T14:20:37.174Z] >>> [apiv2][query] GET https://firebase-public.firebaseio.com/cli.json [none]
[debug] [2023-04-18T14:20:37.362Z] > command requires scopes: ["email","openid","https://www.googleapis.com/auth/cloudplatformprojects.readonly","https://www.googleapis.com/auth/firebase","https://www.googleapis.com/auth/cloud-platform"]
[debug] [2023-04-18T14:20:37.363Z] > authorizing via signed-in user (rustonetteanjel.babanto@g.msuiit.edu.ph)
[info] i  emulators: Starting emulators: hosting {"metadata":{"emulator":{"name":"hub"},"message":"Starting emulators: hosting"}}
[debug] [2023-04-18T14:20:37.382Z] [logging] Logging Emulator only supports listening on one address (127.0.0.1). Not listening on ::1
[debug] [2023-04-18T14:20:37.382Z] [hosting] Hosting Emulator only supports listening on one address (127.0.0.1). Not listening on ::1
[debug] [2023-04-18T14:20:37.383Z] assigned listening specs for emulators {"user":{"hub":[{"address":"127.0.0.1","family":"IPv4","port":4400},{"address":"::1","family":"IPv6","port":4400}],"logging":[{"address":"127.0.0.1","family":"IPv4","port":4500}],"hosting":[{"address":"127.0.0.1","family":"IPv4","port":5000}]},"metadata":{"message":"assigned listening specs for emulators"}}
[warn] !  emulators: It seems that you are running multiple instances of the emulator suite for project ababon-babanto-cs1. This may result in unexpected behavior. 
[debug] [2023-04-18T14:20:37.404Z] [hub] writing locator at C:\Users\Anjel69\AppData\Local\Temp\hub-ababon-babanto-cs1.json
[debug] [2023-04-18T14:20:37.444Z] > refreshing access token with scopes: []
[debug] [2023-04-18T14:20:37.446Z] >>> [apiv2][query] POST https://www.googleapis.com/oauth2/v3/token [none]
[debug] [2023-04-18T14:20:37.446Z] >>> [apiv2][body] POST https://www.googleapis.com/oauth2/v3/token [omitted]
[debug] [2023-04-18T14:20:37.843Z] <<< [apiv2][status] POST https://www.googleapis.com/oauth2/v3/token 200
[debug] [2023-04-18T14:20:37.844Z] <<< [apiv2][body] POST https://www.googleapis.com/oauth2/v3/token [omitted]
[debug] [2023-04-18T14:20:37.861Z] >>> [apiv2][query] GET https://firebasehosting.googleapis.com/v1beta1/projects/ababon-babanto-cs1/sites 
[debug] [2023-04-18T14:20:38.007Z] <<< [apiv2][status] GET https://firebase-public.firebaseio.com/cli.json 200
[debug] [2023-04-18T14:20:38.007Z] <<< [apiv2][body] GET https://firebase-public.firebaseio.com/cli.json {"cloudBuildErrorAfter":1594252800000,"cloudBuildWarnAfter":1590019200000,"defaultNode10After":1594252800000,"minVersion":"3.0.5","node8DeploysDisabledAfter":1613390400000,"node8RuntimeDisabledAfter":1615809600000,"node8WarnAfter":1600128000000}
[debug] [2023-04-18T14:20:38.893Z] <<< [apiv2][status] GET https://firebasehosting.googleapis.com/v1beta1/projects/ababon-babanto-cs1/sites 200
[debug] [2023-04-18T14:20:38.893Z] <<< [apiv2][body] GET https://firebasehosting.googleapis.com/v1beta1/projects/ababon-babanto-cs1/sites {"sites":[{"name":"projects/ababon-babanto-cs1/sites/ababon-babanto-cs1","defaultUrl":"https://ababon-babanto-cs1.web.app","type":"DEFAULT_SITE"}]}
[debug] [2023-04-18T14:20:38.893Z] >>> [apiv2][query] GET https://firebase.googleapis.com/v1beta1/projects/ababon-babanto-cs1/webApps/-/config [none]
[debug] [2023-04-18T14:20:40.221Z] <<< [apiv2][status] GET https://firebase.googleapis.com/v1beta1/projects/ababon-babanto-cs1/webApps/-/config 200
[debug] [2023-04-18T14:20:40.222Z] <<< [apiv2][body] GET https://firebase.googleapis.com/v1beta1/projects/ababon-babanto-cs1/webApps/-/config {"projectId":"ababon-babanto-cs1","appId":"1:902696087277:web:1c862140b65b223fabe6e4","storageBucket":"ababon-babanto-cs1.appspot.com","locationId":"us-central","apiKey":"AIzaSyBet-_DiY9gCkFcYKJFJEmK19Gtjvyaf5Y","authDomain":"ababon-babanto-cs1.firebaseapp.com","messagingSenderId":"902696087277","measurementId":"G-23607BRBTR"}
[debug] [2023-04-18T14:20:40.234Z] >>> [apiv2][query] GET https://firebase.googleapis.com/v1beta1/projects/ababon-babanto-cs1 [none]
[debug] [2023-04-18T14:20:40.572Z] <<< [apiv2][status] GET https://firebase.googleapis.com/v1beta1/projects/ababon-babanto-cs1 200
[debug] [2023-04-18T14:20:40.572Z] <<< [apiv2][body] GET https://firebase.googleapis.com/v1beta1/projects/ababon-babanto-cs1 {"projectId":"ababon-babanto-cs1","projectNumber":"902696087277","displayName":"ababon-babanto-cs1","name":"projects/ababon-babanto-cs1","resources":{"hostingSite":"ababon-babanto-cs1","storageBucket":"ababon-babanto-cs1.appspot.com","locationId":"us-central"},"state":"ACTIVE","etag":"1_1eee0ee1-efc5-4d18-84fb-976b335237e0"}
[info] i  hosting[ababon-babanto-cs1]: Serving hosting files from: dist {"metadata":{"emulator":{"name":"hosting"},"message":"Serving hosting files from: \u001b[1mdist\u001b[22m"}}
[info] +  hosting[ababon-babanto-cs1]: Local server: http://127.0.0.1:5000 {"metadata":{"emulator":{"name":"hosting"},"message":"Local server: \u001b[4m\u001b[1mhttp://127.0.0.1:5000\u001b[22m\u001b[24m"}}
[warn] !  emulators: The Emulator UI is not starting, either because none of the emulated products have an interaction layer in Emulator UI or it cannot determine the Project ID. Pass the --project flag to specify a project. {"metadata":{"emulator":{"name":"hub"},"message":"The Emulator UI is not starting, either because none of the emulated products have an interaction layer in Emulator UI or it cannot determine the Project ID. Pass the --project flag to specify a project."}}
[info] 
┌─────────────────────────────────────────────────────────────┐
│ ✔  All emulators ready! It is now safe to connect your app. │
└─────────────────────────────────────────────────────────────┘

┌──────────┬────────────────┐
│ Emulator │ Host:Port      │
├──────────┼────────────────┤
│ Hosting  │ 127.0.0.1:5000 │
└──────────┴────────────────┘
  Emulator Hub running at 127.0.0.1:4400
  Other reserved ports: 4500

Issues? Report them at https://github.com/firebase/firebase-tools/issues and attach the *-debug.log files.
 
